<?xml version="1.0" encoding="UTF-8"?>
<!-- Generated by org.testng.reporters.JUnitXMLReporter -->
<testsuite hostname="Pratyus-MacBook-Pro.local" ignored="0" name="Default test" tests="5" failures="0" timestamp="16 Nov 2018 22:17:01 GMT" time="2.999" errors="0">
  <testcase name="q1_getAllLandlords_empty_db" time="1.219" classname="LandlordTest.Scripts"/>
  <testcase name="q2_add_lanlord_usingPOJO" time="1.199" classname="LandlordTest.Scripts"/>
  <testcase name="q3_edit_lanlord" time="0.112" classname="LandlordTest.Scripts"/>
  <testcase name="q4_invalid_edit_landlord" time="0.033" classname="LandlordTest.Scripts"/>
  <testcase name="q5_get_landlord_by_id" time="0.039" classname="LandlordTest.Scripts"/>
</testsuite> <!-- Default test -->
