<?xml version="1.0" encoding="UTF-8"?>
<testng-results skipped="0" failed="0" ignored="0" total="5" passed="5">
  <reporter-output>
  </reporter-output>
  <suite name="Default suite" duration-ms="2999" started-at="2018-11-16T22:16:58Z" finished-at="2018-11-16T22:17:01Z">
    <groups>
    </groups>
    <test name="Default test" duration-ms="2999" started-at="2018-11-16T22:16:58Z" finished-at="2018-11-16T22:17:01Z">
      <class name="LandlordTest.Scripts">
        <test-method status="PASS" signature="setUp()[pri:0, instance:LandlordTest.Scripts@10dba097]" name="setUp" is-config="true" duration-ms="354" started-at="2018-11-16T22:16:58Z" finished-at="2018-11-16T22:16:58Z">
          <reporter-output>
          </reporter-output>
        </test-method> <!-- setUp -->
        <test-method status="PASS" signature="q1_getAllLandlords_empty_db()[pri:1, instance:LandlordTest.Scripts@10dba097]" name="q1_getAllLandlords_empty_db" duration-ms="1219" started-at="2018-11-16T22:16:58Z" finished-at="2018-11-16T22:16:59Z">
          <reporter-output>
          </reporter-output>
        </test-method> <!-- q1_getAllLandlords_empty_db -->
        <test-method status="PASS" signature="q2_add_lanlord_usingPOJO()[pri:2, instance:LandlordTest.Scripts@10dba097]" name="q2_add_lanlord_usingPOJO" duration-ms="1199" started-at="2018-11-16T22:16:59Z" finished-at="2018-11-16T22:17:01Z">
          <reporter-output>
          </reporter-output>
        </test-method> <!-- q2_add_lanlord_usingPOJO -->
        <test-method status="PASS" signature="q3_edit_lanlord()[pri:3, instance:LandlordTest.Scripts@10dba097]" name="q3_edit_lanlord" duration-ms="112" started-at="2018-11-16T22:17:01Z" finished-at="2018-11-16T22:17:01Z">
          <reporter-output>
          </reporter-output>
        </test-method> <!-- q3_edit_lanlord -->
        <test-method status="PASS" signature="q4_invalid_edit_landlord()[pri:4, instance:LandlordTest.Scripts@10dba097]" name="q4_invalid_edit_landlord" duration-ms="33" started-at="2018-11-16T22:17:01Z" finished-at="2018-11-16T22:17:01Z">
          <reporter-output>
          </reporter-output>
        </test-method> <!-- q4_invalid_edit_landlord -->
        <test-method status="PASS" signature="q5_get_landlord_by_id()[pri:5, instance:LandlordTest.Scripts@10dba097]" name="q5_get_landlord_by_id" duration-ms="39" started-at="2018-11-16T22:17:01Z" finished-at="2018-11-16T22:17:01Z">
          <reporter-output>
          </reporter-output>
        </test-method> <!-- q5_get_landlord_by_id -->
      </class> <!-- LandlordTest.Scripts -->
    </test> <!-- Default test -->
  </suite> <!-- Default suite -->
</testng-results>
