<?xml version="1.0" encoding="UTF-8"?>
<testng-results ignored="0" total="1" passed="1" failed="0" skipped="0">
  <reporter-output>
  </reporter-output>
  <suite started-at="2018-10-18T07:19:58Z" name="Default suite" finished-at="2018-10-18T07:19:58Z" duration-ms="39">
    <groups>
    </groups>
    <test started-at="2018-10-18T07:19:58Z" name="Default test" finished-at="2018-10-18T07:19:58Z" duration-ms="39">
      <class name="testing.TestScripts">
        <test-method signature="print()[pri:0, instance:testing.TestScripts@1af2d44a]" started-at="2018-10-18T07:19:58Z" name="print" finished-at="2018-10-18T07:19:58Z" duration-ms="10" status="PASS">
          <reporter-output>
          </reporter-output>
        </test-method> <!-- print -->
      </class> <!-- testing.TestScripts -->
    </test> <!-- Default test -->
  </suite> <!-- Default suite -->
</testng-results>
